2018-02-21 17:39:02,986:INFO: Creating the datasets...
2018-02-21 17:39:03,113:INFO: - done.
2018-02-21 17:39:03,113:INFO: Creating the model...
2018-02-21 17:39:04,227:INFO: - done.
2018-02-21 17:39:04,227:INFO: Starting training for 2 epoch(s)
2018-02-21 17:39:07,654:INFO: Epoch 1/2
2018-02-21 17:39:07,819:INFO: - Train metrics: accuracy: 0.200 ; loss: 1.391
2018-02-21 17:39:08,707:INFO: - Eval metrics: accuracy: 0.200 ; loss: 1.390
2018-02-21 17:39:09,572:INFO: - Found new best accuracy, saving in experiments/learning_rate/learning_rate_0.0001/best_weights/after-epoch-1
2018-02-21 17:39:09,573:INFO: Epoch 2/2
2018-02-21 17:39:09,582:INFO: - Train metrics: accuracy: 0.200 ; loss: 1.390
2018-02-21 17:39:10,479:INFO: - Eval metrics: accuracy: 0.200 ; loss: 1.389
2018-02-21 17:39:11,391:INFO: - Found new best accuracy, saving in experiments/learning_rate/learning_rate_0.0001/best_weights/after-epoch-2
2018-02-25 19:45:36,278:INFO: Creating the datasets...
2018-02-25 19:45:36,382:INFO: - done.
2018-02-25 19:45:36,382:INFO: Creating the model...
2018-02-25 19:45:37,162:INFO: - done.
2018-02-25 19:45:37,162:INFO: Starting training for 2 epoch(s)
2018-02-25 19:45:39,799:INFO: Epoch 1/2
2018-02-25 19:45:40,145:INFO: - Train metrics: accuracy: 0.400 ; loss: 1.089
2018-02-25 19:45:40,829:INFO: - Eval metrics: accuracy: 0.500 ; loss: 1.088
2018-02-25 19:45:41,494:INFO: - Found new best accuracy, saving in experiments/learning_rate/learning_rate_0.0001/best_weights/after-epoch-1
2018-02-25 19:45:41,495:INFO: Epoch 2/2
2018-02-25 19:45:41,677:INFO: - Train metrics: accuracy: 0.400 ; loss: 1.088
2018-02-25 19:45:42,460:INFO: - Eval metrics: accuracy: 0.500 ; loss: 1.088
2018-02-25 19:45:43,145:INFO: - Found new best accuracy, saving in experiments/learning_rate/learning_rate_0.0001/best_weights/after-epoch-2
2018-02-25 19:51:17,867:INFO: Creating the datasets...
2018-02-25 19:51:17,968:INFO: - done.
2018-02-25 19:51:17,968:INFO: Creating the model...
2018-02-25 19:51:18,705:INFO: - done.
2018-02-25 19:51:18,705:INFO: Starting training for 2 epoch(s)
2018-02-25 19:51:21,355:INFO: Epoch 1/2
2018-02-25 19:51:22,643:INFO: - Train metrics: accuracy: 0.030 ; loss: 1.102
2018-02-25 19:51:23,317:INFO: - Eval metrics: accuracy: 0.400 ; loss: 1.099
2018-02-25 19:51:23,997:INFO: - Found new best accuracy, saving in experiments/learning_rate/learning_rate_0.0001/best_weights/after-epoch-1
2018-02-25 19:51:23,998:INFO: Epoch 2/2
2018-02-25 19:51:25,123:INFO: - Train metrics: accuracy: 0.260 ; loss: 1.099
2018-02-25 19:51:25,848:INFO: - Eval metrics: accuracy: 0.600 ; loss: 1.097
2018-02-25 19:51:26,484:INFO: - Found new best accuracy, saving in experiments/learning_rate/learning_rate_0.0001/best_weights/after-epoch-2
2018-02-25 19:59:51,428:INFO: Creating the datasets...
2018-02-25 19:59:51,525:INFO: - done.
2018-02-25 19:59:51,525:INFO: Creating the model...
2018-02-25 19:59:52,286:INFO: - done.
2018-02-25 19:59:52,287:INFO: Starting training for 2 epoch(s)
2018-02-25 19:59:54,975:INFO: Epoch 1/2
2018-02-25 20:00:24,773:INFO: - Train metrics: accuracy: 0.512 ; loss: 1.087
2018-02-25 20:00:26,047:INFO: - Eval metrics: accuracy: 0.580 ; loss: 1.076
2018-02-25 20:00:26,770:INFO: - Found new best accuracy, saving in experiments/learning_rate/learning_rate_0.0001/best_weights/after-epoch-1
2018-02-25 20:00:26,771:INFO: Epoch 2/2
2018-02-25 20:00:57,057:INFO: - Train metrics: accuracy: 0.536 ; loss: 1.056
2018-02-25 20:00:58,372:INFO: - Eval metrics: accuracy: 0.550 ; loss: 1.032
2018-02-25 20:40:49,633:INFO: Creating the datasets...
2018-02-25 20:40:49,741:INFO: - done.
2018-02-25 20:40:49,741:INFO: Creating the model...
2018-02-25 20:40:50,521:INFO: - done.
2018-02-25 20:40:50,521:INFO: Starting training for 2 epoch(s)
2018-02-25 20:40:53,189:INFO: Epoch 1/2
2018-02-25 20:40:54,497:INFO: - Train metrics: accuracy: 0.440 ; loss: 1.386
2018-02-25 20:40:55,237:INFO: - Eval metrics: accuracy: 0.450 ; loss: 1.384
2018-02-25 20:40:55,920:INFO: - Found new best accuracy, saving in experiments/learning_rate/learning_rate_0.0001/best_weights/after-epoch-1
2018-02-25 20:40:55,921:INFO: Epoch 2/2
2018-02-25 20:40:57,052:INFO: - Train metrics: accuracy: 0.480 ; loss: 1.382
2018-02-25 20:40:57,808:INFO: - Eval metrics: accuracy: 0.450 ; loss: 1.381
2018-02-25 20:40:58,427:INFO: - Found new best accuracy, saving in experiments/learning_rate/learning_rate_0.0001/best_weights/after-epoch-2
2018-02-25 22:25:30,399:INFO: Creating the datasets...
2018-02-25 22:25:30,488:INFO: - done.
2018-02-25 22:25:30,489:INFO: Creating the model...
2018-02-25 22:25:31,253:INFO: - done.
2018-02-25 22:25:31,253:INFO: Starting training for 2 epoch(s)
2018-02-25 22:25:34,009:INFO: Epoch 1/2
2018-02-25 22:26:04,387:INFO: - Train metrics: accuracy: 0.447 ; loss: 1.377
2018-02-25 22:26:05,743:INFO: - Eval metrics: accuracy: 0.440 ; loss: 1.365
2018-02-25 22:26:06,525:INFO: - Found new best accuracy, saving in experiments/learning_rate/learning_rate_0.0001/best_weights/after-epoch-1
2018-02-25 22:26:06,526:INFO: Epoch 2/2
2018-02-25 22:26:36,675:INFO: - Train metrics: accuracy: 0.483 ; loss: 1.345
2018-02-25 22:26:38,010:INFO: - Eval metrics: accuracy: 0.440 ; loss: 1.324
2018-02-25 22:26:38,744:INFO: - Found new best accuracy, saving in experiments/learning_rate/learning_rate_0.0001/best_weights/after-epoch-2
2018-02-27 03:47:04,477:INFO: Creating the datasets...
2018-02-27 03:47:04,536:INFO: - done.
2018-02-27 03:47:04,537:INFO: Creating the model...
2018-02-27 03:47:05,009:INFO: - done.
2018-02-27 03:47:05,010:INFO: Starting training for 2 epoch(s)
2018-02-27 03:47:05,505:INFO: Epoch 1/2
2018-02-27 03:53:32,239:INFO: - Train metrics: accuracy: 0.497 ; loss: 0.788
2018-02-27 03:54:05,621:INFO: - Eval metrics: accuracy: 0.508 ; loss: 0.696
2018-02-27 03:54:05,758:INFO: - Found new best accuracy, saving in experiments/learning_rate/learning_rate_0.0001/best_weights/after-epoch-1
2018-02-27 03:54:05,759:INFO: Epoch 2/2
2018-02-27 04:00:30,056:INFO: - Train metrics: accuracy: 0.503 ; loss: 0.696
2018-02-27 04:01:03,049:INFO: - Eval metrics: accuracy: 0.512 ; loss: 0.694
2018-02-27 04:01:08,268:INFO: - Found new best accuracy, saving in experiments/learning_rate/learning_rate_0.0001/best_weights/after-epoch-2
2018-03-07 22:25:51,917:INFO: Creating the datasets...
2018-03-07 22:25:51,978:INFO: - done.
2018-03-07 22:25:51,978:INFO: Creating the model...
2018-03-07 22:25:52,518:INFO: - done.
2018-03-07 22:25:52,518:INFO: Starting training for 2 epoch(s)
2018-03-07 22:25:52,936:INFO: Epoch 1/2
2018-03-07 22:27:11,119:INFO: - Train metrics: accuracy: 0.520 ; loss: 0.801
2018-03-07 22:27:16,301:INFO: - Eval metrics: accuracy: 0.489 ; loss: 0.696
2018-03-07 22:27:16,416:INFO: - Found new best accuracy, saving in experiments/learning_rate/learning_rate_0.0001/best_weights/after-epoch-1
2018-03-07 22:27:16,416:INFO: Epoch 2/2
2018-03-07 22:28:35,272:INFO: - Train metrics: accuracy: 0.524 ; loss: 0.694
2018-03-07 22:28:40,385:INFO: - Eval metrics: accuracy: 0.539 ; loss: 0.694
2018-03-07 22:28:40,616:INFO: - Found new best accuracy, saving in experiments/learning_rate/learning_rate_0.0001/best_weights/after-epoch-2
2018-03-07 23:00:34,052:INFO: Creating the datasets...
2018-03-07 23:00:34,112:INFO: - done.
2018-03-07 23:00:34,112:INFO: Creating the model...
2018-03-07 23:00:34,649:INFO: - done.
2018-03-07 23:00:34,649:INFO: Starting training for 2 epoch(s)
2018-03-07 23:00:35,088:INFO: Epoch 1/2
2018-03-07 23:01:54,812:INFO: - Train metrics: accuracy: 0.514 ; loss: 0.887
2018-03-07 23:01:59,971:INFO: - Eval metrics: accuracy: 0.487 ; loss: 0.704
2018-03-07 23:02:00,087:INFO: - Found new best accuracy, saving in experiments/learning_rate/learning_rate_0.0001/best_weights/after-epoch-1
2018-03-07 23:02:00,088:INFO: Epoch 2/2
2018-03-07 23:03:19,312:INFO: - Train metrics: accuracy: 0.519 ; loss: 0.699
2018-03-07 23:03:24,424:INFO: - Eval metrics: accuracy: 0.487 ; loss: 0.698
2018-03-07 23:03:24,657:INFO: - Found new best accuracy, saving in experiments/learning_rate/learning_rate_0.0001/best_weights/after-epoch-2
2018-03-07 23:16:16,599:INFO: Creating the datasets...
2018-03-07 23:16:16,661:INFO: - done.
2018-03-07 23:16:16,661:INFO: Creating the model...
2018-03-07 23:16:17,216:INFO: - done.
2018-03-07 23:16:17,216:INFO: Starting training for 10 epoch(s)
2018-03-07 23:16:17,663:INFO: Epoch 1/10
2018-03-07 23:17:37,385:INFO: - Train metrics: accuracy: 0.514 ; loss: 0.887
2018-03-07 23:17:42,527:INFO: - Eval metrics: accuracy: 0.487 ; loss: 0.704
2018-03-07 23:17:42,642:INFO: - Found new best accuracy, saving in experiments/learning_rate/learning_rate_0.0001/best_weights/after-epoch-1
2018-03-07 23:17:42,643:INFO: Epoch 2/10
2018-03-07 23:19:00,699:INFO: - Train metrics: accuracy: 0.519 ; loss: 0.699
2018-03-07 23:19:05,830:INFO: - Eval metrics: accuracy: 0.487 ; loss: 0.698
2018-03-07 23:19:06,057:INFO: - Found new best accuracy, saving in experiments/learning_rate/learning_rate_0.0001/best_weights/after-epoch-2
2018-03-07 23:19:06,057:INFO: Epoch 3/10
2018-03-07 23:20:24,300:INFO: - Train metrics: accuracy: 0.522 ; loss: 0.696
2018-03-07 23:20:29,259:INFO: - Eval metrics: accuracy: 0.494 ; loss: 0.695
2018-03-07 23:20:29,372:INFO: - Found new best accuracy, saving in experiments/learning_rate/learning_rate_0.0001/best_weights/after-epoch-3
2018-03-07 23:20:29,372:INFO: Epoch 4/10
2018-03-07 23:21:46,861:INFO: - Train metrics: accuracy: 0.527 ; loss: 0.694
2018-03-07 23:21:51,814:INFO: - Eval metrics: accuracy: 0.568 ; loss: 0.694
2018-03-07 23:21:51,926:INFO: - Found new best accuracy, saving in experiments/learning_rate/learning_rate_0.0001/best_weights/after-epoch-4
2018-03-07 23:21:51,926:INFO: Epoch 5/10
2018-03-07 23:23:09,622:INFO: - Train metrics: accuracy: 0.539 ; loss: 0.692
2018-03-07 23:23:14,612:INFO: - Eval metrics: accuracy: 0.584 ; loss: 0.693
2018-03-07 23:23:14,723:INFO: - Found new best accuracy, saving in experiments/learning_rate/learning_rate_0.0001/best_weights/after-epoch-5
2018-03-07 23:23:14,724:INFO: Epoch 6/10
2018-03-07 23:24:32,236:INFO: - Train metrics: accuracy: 0.552 ; loss: 0.690
2018-03-07 23:24:37,172:INFO: - Eval metrics: accuracy: 0.582 ; loss: 0.691
2018-03-07 23:24:37,173:INFO: Epoch 7/10
2018-03-07 23:25:54,676:INFO: - Train metrics: accuracy: 0.567 ; loss: 0.684
2018-03-07 23:25:59,670:INFO: - Eval metrics: accuracy: 0.576 ; loss: 0.682
2018-03-07 23:25:59,671:INFO: Epoch 8/10
2018-03-07 23:27:17,613:INFO: - Train metrics: accuracy: 0.637 ; loss: 0.648
2018-03-07 23:27:22,637:INFO: - Eval metrics: accuracy: 0.576 ; loss: 0.694
2018-03-07 23:27:22,638:INFO: Epoch 9/10
2018-03-07 23:28:40,236:INFO: - Train metrics: accuracy: 0.749 ; loss: 0.544
2018-03-07 23:28:45,226:INFO: - Eval metrics: accuracy: 0.567 ; loss: 0.763
2018-03-07 23:28:45,227:INFO: Epoch 10/10
2018-03-07 23:30:02,806:INFO: - Train metrics: accuracy: 0.784 ; loss: 0.505
2018-03-07 23:30:07,817:INFO: - Eval metrics: accuracy: 0.587 ; loss: 0.811
2018-03-07 23:30:07,930:INFO: - Found new best accuracy, saving in experiments/learning_rate/learning_rate_0.0001/best_weights/after-epoch-10
2018-03-08 00:09:40,567:INFO: Creating the datasets...
2018-03-08 00:09:40,626:INFO: - done.
2018-03-08 00:09:40,626:INFO: Creating the model...
2018-03-08 00:09:41,155:INFO: - done.
2018-03-08 00:09:41,156:INFO: Starting training for 10 epoch(s)
2018-03-08 00:09:41,590:INFO: Epoch 1/10
2018-03-08 00:13:34,295:INFO: Creating the datasets...
2018-03-08 00:13:34,354:INFO: - done.
2018-03-08 00:13:34,354:INFO: Creating the model...
2018-03-08 00:13:34,882:INFO: - done.
2018-03-08 00:13:34,882:INFO: Starting training for 10 epoch(s)
2018-03-08 00:13:35,284:INFO: Epoch 1/10
2018-03-08 00:14:54,336:INFO: - Train metrics: accuracy: 0.403 ; loss: 1.191
2018-03-08 00:14:59,480:INFO: - Eval metrics: accuracy: 0.406 ; loss: 1.094
2018-03-08 00:14:59,594:INFO: - Found new best accuracy, saving in experiments/learning_rate/learning_rate_0.0001/best_weights/after-epoch-1
2018-03-08 00:14:59,595:INFO: Epoch 2/10
2018-03-08 00:16:18,020:INFO: - Train metrics: accuracy: 0.405 ; loss: 1.090
2018-03-08 00:16:23,090:INFO: - Eval metrics: accuracy: 0.406 ; loss: 1.082
2018-03-08 00:16:23,236:INFO: - Found new best accuracy, saving in experiments/learning_rate/learning_rate_0.0001/best_weights/after-epoch-2
2018-03-08 00:16:23,237:INFO: Epoch 3/10
2018-03-08 00:17:41,945:INFO: - Train metrics: accuracy: 0.491 ; loss: 1.001
2018-03-08 00:17:47,000:INFO: - Eval metrics: accuracy: 0.602 ; loss: 0.848
2018-03-08 00:17:47,111:INFO: - Found new best accuracy, saving in experiments/learning_rate/learning_rate_0.0001/best_weights/after-epoch-3
2018-03-08 00:17:47,112:INFO: Epoch 4/10
2018-03-08 00:19:05,518:INFO: - Train metrics: accuracy: 0.585 ; loss: 0.865
2018-03-08 00:19:10,516:INFO: - Eval metrics: accuracy: 0.548 ; loss: 0.902
2018-03-08 00:19:10,517:INFO: Epoch 5/10
2018-03-08 00:20:28,988:INFO: - Train metrics: accuracy: 0.624 ; loss: 0.751
2018-03-08 00:20:34,007:INFO: - Eval metrics: accuracy: 0.578 ; loss: 0.848
2018-03-08 00:20:34,008:INFO: Epoch 6/10
2018-03-08 00:21:51,938:INFO: - Train metrics: accuracy: 0.647 ; loss: 0.694
2018-03-08 00:21:57,084:INFO: - Eval metrics: accuracy: 0.578 ; loss: 0.850
2018-03-08 00:21:57,085:INFO: Epoch 7/10
2018-03-08 00:23:15,690:INFO: - Train metrics: accuracy: 0.657 ; loss: 0.663
2018-03-08 00:23:20,806:INFO: - Eval metrics: accuracy: 0.579 ; loss: 0.856
2018-03-08 00:23:20,807:INFO: Epoch 8/10
2018-03-08 00:24:39,280:INFO: - Train metrics: accuracy: 0.663 ; loss: 0.638
2018-03-08 00:24:44,418:INFO: - Eval metrics: accuracy: 0.583 ; loss: 0.853
2018-03-08 00:24:44,419:INFO: Epoch 9/10
2018-03-08 00:26:02,813:INFO: - Train metrics: accuracy: 0.670 ; loss: 0.613
2018-03-08 00:26:07,882:INFO: - Eval metrics: accuracy: 0.585 ; loss: 0.859
2018-03-08 00:26:07,883:INFO: Epoch 10/10
2018-03-08 00:27:25,914:INFO: - Train metrics: accuracy: 0.675 ; loss: 0.594
2018-03-08 00:27:31,076:INFO: - Eval metrics: accuracy: 0.584 ; loss: 0.873
