2018-02-21 17:37:09,263:INFO: Creating the datasets...
2018-02-21 17:37:09,599:INFO: - done.
2018-02-21 17:37:09,599:INFO: Creating the model...
2018-02-21 17:37:11,054:INFO: - done.
2018-02-21 17:37:11,055:INFO: Starting training for 10 epoch(s)
2018-02-21 17:37:18,470:INFO: Epoch 1/10
2018-02-21 17:37:18,960:INFO: - Train metrics: accuracy: 0.200 ; loss: 1.391
2018-02-21 17:37:21,448:INFO: - Eval metrics: accuracy: 0.320 ; loss: 1.380
2018-02-21 17:37:22,952:INFO: - Found new best accuracy, saving in experiments/base_model/best_weights/after-epoch-1
2018-02-21 17:37:22,953:INFO: Epoch 2/10
2018-02-21 17:37:22,962:INFO: - Train metrics: accuracy: 0.320 ; loss: 1.380
2018-02-21 17:37:24,665:INFO: - Eval metrics: accuracy: 0.400 ; loss: 1.370
2018-02-21 17:37:26,451:INFO: - Found new best accuracy, saving in experiments/base_model/best_weights/after-epoch-2
2018-02-21 17:37:26,453:INFO: Epoch 3/10
2018-02-21 17:37:26,463:INFO: - Train metrics: accuracy: 0.400 ; loss: 1.370
2018-02-21 17:37:27,475:INFO: - Eval metrics: accuracy: 0.420 ; loss: 1.359
2018-02-21 17:37:28,757:INFO: - Found new best accuracy, saving in experiments/base_model/best_weights/after-epoch-3
2018-02-21 17:37:28,758:INFO: Epoch 4/10
2018-02-21 17:37:28,767:INFO: - Train metrics: accuracy: 0.420 ; loss: 1.359
2018-02-21 17:37:29,835:INFO: - Eval metrics: accuracy: 0.540 ; loss: 1.349
2018-02-21 17:37:31,201:INFO: - Found new best accuracy, saving in experiments/base_model/best_weights/after-epoch-4
2018-02-21 17:37:31,202:INFO: Epoch 5/10
2018-02-21 17:37:31,214:INFO: - Train metrics: accuracy: 0.540 ; loss: 1.349
2018-02-21 17:37:32,319:INFO: - Eval metrics: accuracy: 0.700 ; loss: 1.339
2018-02-21 17:37:33,638:INFO: - Found new best accuracy, saving in experiments/base_model/best_weights/after-epoch-5
2018-02-21 17:37:33,639:INFO: Epoch 6/10
2018-02-21 17:37:33,648:INFO: - Train metrics: accuracy: 0.700 ; loss: 1.339
2018-02-21 17:37:34,966:INFO: - Eval metrics: accuracy: 0.700 ; loss: 1.328
2018-02-21 17:37:36,332:INFO: - Found new best accuracy, saving in experiments/base_model/best_weights/after-epoch-6
2018-02-21 17:37:36,333:INFO: Epoch 7/10
2018-02-21 17:37:36,343:INFO: - Train metrics: accuracy: 0.700 ; loss: 1.328
2018-02-21 17:37:37,296:INFO: - Eval metrics: accuracy: 0.680 ; loss: 1.318
2018-02-21 17:37:37,297:INFO: Epoch 8/10
2018-02-21 17:37:37,305:INFO: - Train metrics: accuracy: 0.680 ; loss: 1.318
2018-02-21 17:37:38,697:INFO: - Eval metrics: accuracy: 0.660 ; loss: 1.308
2018-02-21 17:37:38,698:INFO: Epoch 9/10
2018-02-21 17:37:38,707:INFO: - Train metrics: accuracy: 0.660 ; loss: 1.308
2018-02-21 17:37:40,263:INFO: - Eval metrics: accuracy: 0.620 ; loss: 1.297
2018-02-21 17:37:40,272:INFO: Epoch 10/10
2018-02-21 17:37:40,283:INFO: - Train metrics: accuracy: 0.620 ; loss: 1.297
2018-02-21 17:37:41,415:INFO: - Eval metrics: accuracy: 0.640 ; loss: 1.286
2018-02-25 08:23:21,063:INFO: Creating the datasets...
2018-02-25 08:24:27,248:INFO: Creating the datasets...
2018-02-25 10:33:10,258:INFO: Creating the datasets...
2018-02-25 10:33:10,358:INFO: - done.
2018-02-25 10:33:10,358:INFO: Creating the model...
2018-02-25 10:33:11,263:INFO: - done.
2018-02-25 10:33:11,263:INFO: Starting training for 10 epoch(s)
2018-02-25 10:33:14,292:INFO: Epoch 1/10
2018-02-25 10:50:08,342:INFO: Creating the datasets...
2018-02-25 10:50:08,452:INFO: - done.
2018-02-25 10:50:08,452:INFO: Creating the model...
2018-02-25 10:50:09,366:INFO: - done.
2018-02-25 10:50:09,366:INFO: Starting training for 10 epoch(s)
2018-02-25 10:50:12,534:INFO: Epoch 1/10
2018-02-25 10:51:17,950:INFO: Creating the datasets...
2018-02-25 10:51:18,052:INFO: - done.
2018-02-25 10:51:18,052:INFO: Creating the model...
2018-02-25 10:51:18,966:INFO: - done.
2018-02-25 10:51:18,966:INFO: Starting training for 10 epoch(s)
2018-02-25 10:51:22,075:INFO: Epoch 1/10
2018-02-25 10:54:33,411:INFO: Creating the datasets...
2018-02-25 10:54:33,524:INFO: - done.
2018-02-25 10:54:33,524:INFO: Creating the model...
2018-02-25 10:54:34,431:INFO: - done.
2018-02-25 10:54:34,431:INFO: Starting training for 10 epoch(s)
2018-02-25 10:54:37,537:INFO: Epoch 1/10
2018-02-25 10:58:32,202:INFO: Creating the datasets...
2018-02-25 10:58:32,321:INFO: - done.
2018-02-25 10:58:32,321:INFO: Creating the model...
2018-02-25 10:58:33,282:INFO: - done.
2018-02-25 10:58:33,283:INFO: Starting training for 10 epoch(s)
2018-02-25 10:58:36,414:INFO: Epoch 1/10
2018-02-25 10:59:31,908:INFO: Creating the datasets...
2018-02-25 10:59:32,020:INFO: - done.
2018-02-25 10:59:32,020:INFO: Creating the model...
2018-02-25 10:59:32,978:INFO: - done.
2018-02-25 10:59:32,978:INFO: Starting training for 10 epoch(s)
2018-02-25 10:59:36,109:INFO: Epoch 1/10
2018-02-25 11:03:21,616:INFO: Creating the datasets...
2018-02-25 11:04:25,689:INFO: Creating the datasets...
2018-02-25 11:04:25,797:INFO: - done.
2018-02-25 11:04:25,801:INFO: Creating the model...
2018-02-25 11:04:26,735:INFO: - done.
2018-02-25 11:04:26,736:INFO: Starting training for 10 epoch(s)
2018-02-25 11:04:29,824:INFO: Epoch 1/10
2018-02-25 11:07:29,072:INFO: Creating the datasets...
2018-02-25 11:07:53,829:INFO: Creating the datasets...
2018-02-25 11:14:24,800:INFO: Creating the datasets...
2018-02-25 11:14:59,618:INFO: Creating the datasets...
2018-02-25 11:15:15,348:INFO: Creating the datasets...
2018-02-25 11:15:15,460:INFO: - done.
2018-02-25 11:15:15,460:INFO: Creating the model...
2018-02-25 11:15:16,423:INFO: - done.
2018-02-25 11:15:16,423:INFO: Starting training for 10 epoch(s)
2018-02-25 11:15:19,589:INFO: Epoch 1/10
2018-02-25 11:17:23,566:INFO: Creating the datasets...
2018-02-25 11:17:23,679:INFO: - done.
2018-02-25 11:17:23,679:INFO: Creating the model...
2018-02-25 11:17:24,662:INFO: - done.
2018-02-25 11:17:24,662:INFO: Starting training for 10 epoch(s)
2018-02-25 11:17:27,880:INFO: Epoch 1/10
2018-02-25 11:18:16,791:INFO: Creating the datasets...
2018-02-25 11:18:16,898:INFO: - done.
2018-02-25 11:18:16,898:INFO: Creating the model...
2018-02-25 11:18:17,861:INFO: - done.
2018-02-25 11:18:17,861:INFO: Starting training for 10 epoch(s)
2018-02-25 11:18:21,071:INFO: Epoch 1/10
2018-02-25 11:18:45,920:INFO: Creating the datasets...
2018-02-25 11:18:46,019:INFO: - done.
2018-02-25 11:18:46,019:INFO: Creating the model...
2018-02-25 11:18:46,916:INFO: - done.
2018-02-25 11:18:46,916:INFO: Starting training for 10 epoch(s)
2018-02-25 11:18:49,985:INFO: Epoch 1/10
2018-02-25 11:19:17,721:INFO: Creating the datasets...
2018-02-25 11:19:17,819:INFO: - done.
2018-02-25 11:19:17,819:INFO: Creating the model...
2018-02-25 11:19:18,779:INFO: - done.
2018-02-25 11:19:18,779:INFO: Starting training for 10 epoch(s)
2018-02-25 11:19:21,966:INFO: Epoch 1/10
2018-02-25 11:19:42,011:INFO: Creating the datasets...
2018-02-25 11:19:42,111:INFO: - done.
2018-02-25 11:19:42,111:INFO: Creating the model...
2018-02-25 11:19:43,031:INFO: - done.
2018-02-25 11:19:43,031:INFO: Starting training for 10 epoch(s)
2018-02-25 11:19:46,129:INFO: Epoch 1/10
2018-02-25 11:21:25,436:INFO: Creating the datasets...
2018-02-25 11:21:25,540:INFO: - done.
2018-02-25 11:21:25,540:INFO: Creating the model...
2018-02-25 11:21:26,477:INFO: - done.
2018-02-25 11:21:26,477:INFO: Starting training for 10 epoch(s)
2018-02-25 11:21:29,579:INFO: Epoch 1/10
2018-02-25 11:22:10,780:INFO: Creating the datasets...
2018-02-25 11:22:10,885:INFO: - done.
2018-02-25 11:22:10,885:INFO: Creating the model...
2018-02-25 11:22:11,806:INFO: - done.
2018-02-25 11:22:11,807:INFO: Starting training for 10 epoch(s)
2018-02-25 11:22:14,916:INFO: Epoch 1/10
2018-02-25 11:23:47,643:INFO: Creating the datasets...
2018-02-25 11:23:47,745:INFO: - done.
2018-02-25 11:23:47,745:INFO: Creating the model...
2018-02-25 11:23:48,708:INFO: - done.
2018-02-25 11:23:48,708:INFO: Starting training for 10 epoch(s)
2018-02-25 11:23:51,869:INFO: Epoch 1/10
2018-02-25 11:27:10,442:INFO: Creating the datasets...
2018-02-25 11:30:36,020:INFO: Creating the datasets...
2018-02-25 11:30:36,141:INFO: - done.
2018-02-25 11:30:36,141:INFO: Creating the model...
2018-02-25 11:30:37,105:INFO: - done.
2018-02-25 11:30:37,106:INFO: Starting training for 10 epoch(s)
2018-02-25 11:30:40,276:INFO: Epoch 1/10
2018-02-25 11:31:13,610:INFO: Creating the datasets...
2018-02-25 11:31:13,713:INFO: - done.
2018-02-25 11:31:13,713:INFO: Creating the model...
2018-02-25 11:31:14,662:INFO: - done.
2018-02-25 11:31:14,662:INFO: Starting training for 10 epoch(s)
2018-02-25 11:31:17,812:INFO: Epoch 1/10
2018-02-25 11:34:08,355:INFO: Creating the datasets...
2018-02-25 11:34:08,456:INFO: - done.
2018-02-25 11:34:08,457:INFO: Creating the model...
2018-02-25 11:34:09,403:INFO: - done.
2018-02-25 11:34:09,403:INFO: Starting training for 10 epoch(s)
2018-02-25 11:34:12,658:INFO: Epoch 1/10
2018-02-25 11:36:31,482:INFO: Creating the datasets...
2018-02-25 11:36:31,597:INFO: - done.
2018-02-25 11:36:31,597:INFO: Creating the model...
2018-02-25 11:36:32,601:INFO: - done.
2018-02-25 11:36:32,601:INFO: Starting training for 10 epoch(s)
2018-02-25 11:36:36,071:INFO: Epoch 1/10
2018-02-25 11:58:33,603:INFO: Creating the datasets...
2018-02-25 11:59:08,739:INFO: Creating the datasets...
2018-02-25 12:00:13,009:INFO: Creating the datasets...
2018-02-25 12:01:08,201:INFO: Creating the datasets...
2018-02-25 12:08:38,483:INFO: Creating the datasets...
2018-02-25 12:11:05,110:INFO: Creating the datasets...
2018-02-25 12:11:58,445:INFO: Creating the datasets...
2018-02-25 12:14:48,813:INFO: Creating the datasets...
2018-02-25 12:14:48,933:INFO: - done.
2018-02-25 12:14:48,933:INFO: Creating the model...
2018-02-25 12:14:49,878:INFO: - done.
2018-02-25 12:14:49,878:INFO: Starting training for 10 epoch(s)
2018-02-25 12:14:53,071:INFO: Epoch 1/10
2018-02-25 12:31:53,025:INFO: Creating the datasets...
2018-02-25 12:33:45,505:INFO: Creating the datasets...
2018-02-25 12:35:27,263:INFO: Creating the datasets...
2018-02-25 12:35:27,366:INFO: - done.
2018-02-25 12:35:27,366:INFO: Creating the model...
2018-02-25 12:35:28,297:INFO: - done.
2018-02-25 12:35:28,297:INFO: Starting training for 10 epoch(s)
2018-02-25 12:35:31,428:INFO: Epoch 1/10
2018-02-25 12:39:54,141:INFO: Creating the datasets...
2018-02-25 12:53:55,774:INFO: Creating the datasets...
2018-02-25 12:53:55,884:INFO: - done.
2018-02-25 12:53:55,884:INFO: Creating the model...
2018-02-25 12:53:56,830:INFO: - done.
2018-02-25 12:53:56,830:INFO: Starting training for 10 epoch(s)
2018-02-25 12:54:00,088:INFO: Epoch 1/10
2018-02-25 12:56:29,236:INFO: Creating the datasets...
2018-02-25 12:56:41,294:INFO: Creating the datasets...
2018-02-25 13:00:30,163:INFO: Creating the datasets...
2018-02-25 13:03:48,681:INFO: Creating the datasets...
2018-02-25 13:08:43,357:INFO: Creating the datasets...
2018-02-25 13:08:59,479:INFO: Creating the datasets...
2018-02-25 13:08:59,603:INFO: - done.
2018-02-25 13:08:59,603:INFO: Creating the model...
2018-02-25 13:09:00,662:INFO: - done.
2018-02-25 13:09:00,662:INFO: Starting training for 10 epoch(s)
2018-02-25 13:10:52,798:INFO: Creating the datasets...
2018-02-25 13:10:52,904:INFO: - done.
2018-02-25 13:10:52,905:INFO: Creating the model...
2018-02-25 13:10:53,821:INFO: - done.
2018-02-25 13:10:53,822:INFO: Starting training for 10 epoch(s)
2018-02-25 13:10:56,902:INFO: Epoch 1/10
2018-02-25 14:03:08,097:INFO: Creating the datasets...
2018-02-25 14:03:08,222:INFO: - done.
2018-02-25 14:03:08,222:INFO: Creating the model...
2018-02-25 14:03:09,181:INFO: - done.
2018-02-25 14:03:09,182:INFO: Starting training for 10 epoch(s)
2018-02-25 14:03:12,365:INFO: Epoch 1/10
2018-02-25 14:15:19,002:INFO: Creating the datasets...
2018-02-25 14:22:04,703:INFO: Creating the datasets...
2018-02-25 14:22:14,993:INFO: Creating the datasets...
2018-02-25 14:22:15,110:INFO: - done.
2018-02-25 14:22:15,110:INFO: Creating the model...
2018-02-25 14:22:16,081:INFO: - done.
2018-02-25 14:22:16,081:INFO: Starting training for 10 epoch(s)
2018-02-25 14:22:19,324:INFO: Epoch 1/10
2018-02-25 14:47:20,918:INFO: Creating the datasets...
2018-02-25 14:47:21,043:INFO: - done.
2018-02-25 14:47:21,043:INFO: Creating the model...
2018-02-25 14:51:01,537:INFO: Creating the datasets...
2018-02-25 14:51:01,662:INFO: - done.
2018-02-25 14:51:01,662:INFO: Creating the model...
2018-02-25 14:56:04,745:INFO: Creating the datasets...
2018-02-25 14:56:04,869:INFO: - done.
2018-02-25 14:56:04,869:INFO: Creating the model...
2018-02-25 14:56:41,488:INFO: Creating the datasets...
2018-02-25 14:56:41,586:INFO: - done.
2018-02-25 14:56:41,586:INFO: Creating the model...
2018-02-25 14:59:42,251:INFO: Creating the datasets...
2018-02-25 14:59:42,367:INFO: - done.
2018-02-25 14:59:42,368:INFO: Creating the model...
2018-02-25 15:04:01,771:INFO: Creating the datasets...
2018-02-25 15:04:01,874:INFO: - done.
2018-02-25 15:04:01,874:INFO: Creating the model...
2018-02-25 15:04:42,801:INFO: Creating the datasets...
2018-02-25 15:04:42,918:INFO: - done.
2018-02-25 15:04:42,918:INFO: Creating the model...
2018-02-25 15:22:10,497:INFO: Creating the datasets...
2018-02-25 15:22:23,969:INFO: Creating the datasets...
2018-02-25 15:24:10,823:INFO: Creating the datasets...
2018-02-25 15:25:52,681:INFO: Creating the datasets...
2018-02-25 15:26:13,925:INFO: Creating the datasets...
2018-02-25 15:30:20,773:INFO: Creating the datasets...
2018-02-25 15:30:29,257:INFO: Creating the datasets...
2018-02-25 15:30:51,924:INFO: Creating the datasets...
2018-02-25 15:30:55,585:INFO: Creating the datasets...
2018-02-25 15:32:47,875:INFO: Creating the datasets...
2018-02-25 15:33:13,354:INFO: Creating the datasets...
2018-02-25 15:33:44,828:INFO: Creating the datasets...
2018-02-25 15:34:03,637:INFO: Creating the datasets...
2018-02-25 15:34:07,873:INFO: Creating the datasets...
2018-02-25 15:34:48,254:INFO: Creating the datasets...
2018-02-25 15:35:50,090:INFO: Creating the datasets...
2018-02-25 15:36:16,596:INFO: Creating the datasets...
2018-02-25 15:36:31,159:INFO: Creating the datasets...
2018-02-25 15:36:52,782:INFO: Creating the datasets...
2018-02-25 15:40:17,878:INFO: Creating the datasets...
2018-02-25 15:40:52,101:INFO: Creating the datasets...
2018-02-25 15:40:58,420:INFO: Creating the datasets...
2018-02-25 15:45:15,819:INFO: Creating the datasets...
2018-02-25 15:46:01,460:INFO: Creating the datasets...
2018-02-25 15:46:21,387:INFO: Creating the datasets...
2018-02-25 15:47:29,698:INFO: Creating the datasets...
2018-02-25 15:48:12,274:INFO: Creating the datasets...
2018-02-25 15:48:12,415:INFO: - done.
2018-02-25 15:48:12,415:INFO: Creating the model...
2018-02-25 15:50:00,117:INFO: Creating the datasets...
2018-02-25 15:50:00,237:INFO: - done.
2018-02-25 15:50:00,237:INFO: Creating the model...
2018-02-25 15:50:57,636:INFO: Creating the datasets...
2018-02-25 15:54:32,331:INFO: Creating the datasets...
2018-02-25 15:55:50,573:INFO: Creating the datasets...
2018-02-25 15:56:30,095:INFO: Creating the datasets...
2018-02-25 15:58:00,268:INFO: Creating the datasets...
2018-02-25 15:58:35,399:INFO: Creating the datasets...
2018-02-25 16:02:33,535:INFO: Creating the datasets...
2018-02-25 16:03:23,918:INFO: Creating the datasets...
2018-02-25 16:12:47,723:INFO: Creating the datasets...
2018-02-25 16:14:45,259:INFO: Creating the datasets...
2018-02-25 16:17:28,395:INFO: Creating the datasets...
2018-02-25 16:17:28,512:INFO: - done.
2018-02-25 16:17:28,512:INFO: Creating the model...
2018-02-25 16:18:33,173:INFO: Creating the datasets...
2018-02-25 16:18:33,279:INFO: - done.
2018-02-25 16:18:33,279:INFO: Creating the model...
2018-02-25 16:19:43,354:INFO: Creating the datasets...
2018-02-25 16:19:43,456:INFO: - done.
2018-02-25 16:19:43,456:INFO: Creating the model...
2018-02-25 16:21:30,169:INFO: Creating the datasets...
2018-02-25 16:21:30,270:INFO: - done.
2018-02-25 16:21:30,270:INFO: Creating the model...
2018-02-25 16:22:01,459:INFO: Creating the datasets...
2018-02-25 16:22:01,564:INFO: - done.
2018-02-25 16:22:01,564:INFO: Creating the model...
2018-02-25 16:25:46,254:INFO: Creating the datasets...
2018-02-25 16:25:46,371:INFO: - done.
2018-02-25 16:25:46,371:INFO: Creating the model...
2018-02-25 16:26:01,903:INFO: Creating the datasets...
2018-02-25 16:26:02,007:INFO: - done.
2018-02-25 16:26:02,007:INFO: Creating the model...
2018-02-25 16:32:51,293:INFO: Creating the datasets...
2018-02-25 16:32:51,409:INFO: - done.
2018-02-25 16:32:51,409:INFO: Creating the model...
2018-02-25 16:33:17,656:INFO: Creating the datasets...
2018-02-25 16:33:17,757:INFO: - done.
2018-02-25 16:33:17,757:INFO: Creating the model...
2018-02-25 16:36:02,219:INFO: Creating the datasets...
2018-02-25 16:36:02,328:INFO: - done.
2018-02-25 16:36:02,328:INFO: Creating the model...
2018-02-25 16:36:03,172:INFO: - done.
2018-02-25 16:36:03,172:INFO: Starting training for 10 epoch(s)
2018-02-25 16:36:05,930:INFO: Epoch 1/10
2018-02-25 16:49:51,266:INFO: Creating the datasets...
2018-02-25 16:49:51,393:INFO: - done.
2018-02-25 16:49:51,393:INFO: Creating the model...
2018-02-25 16:49:52,199:INFO: - done.
2018-02-25 16:49:52,200:INFO: Starting training for 10 epoch(s)
2018-02-25 16:49:55,016:INFO: Epoch 1/10
2018-02-25 16:50:46,466:INFO: Creating the datasets...
2018-02-25 16:50:46,567:INFO: - done.
2018-02-25 16:50:46,567:INFO: Creating the model...
2018-02-25 16:50:47,364:INFO: - done.
2018-02-25 16:50:47,364:INFO: Starting training for 10 epoch(s)
2018-02-25 16:50:50,111:INFO: Epoch 1/10
2018-02-25 16:51:44,649:INFO: Creating the datasets...
2018-02-25 16:51:44,751:INFO: - done.
2018-02-25 16:51:44,751:INFO: Creating the model...
2018-02-25 16:51:45,529:INFO: - done.
2018-02-25 16:51:45,529:INFO: Starting training for 10 epoch(s)
2018-02-25 16:51:48,293:INFO: Epoch 1/10
2018-02-25 16:55:03,034:INFO: Creating the datasets...
2018-02-25 16:55:03,140:INFO: - done.
2018-02-25 16:55:03,140:INFO: Creating the model...
2018-02-25 16:55:03,966:INFO: - done.
2018-02-25 16:55:03,967:INFO: Starting training for 10 epoch(s)
2018-02-25 16:55:06,664:INFO: Epoch 1/10
2018-02-25 16:57:38,154:INFO: Creating the datasets...
2018-02-25 16:57:38,263:INFO: - done.
2018-02-25 16:57:38,263:INFO: Creating the model...
2018-02-25 16:57:39,096:INFO: - done.
2018-02-25 16:57:39,096:INFO: Starting training for 10 epoch(s)
2018-02-25 16:57:41,835:INFO: Epoch 1/10
2018-02-25 17:01:05,722:INFO: Creating the datasets...
2018-02-25 17:01:35,604:INFO: Creating the datasets...
2018-02-25 17:02:01,242:INFO: Creating the datasets...
2018-02-25 17:02:01,344:INFO: - done.
2018-02-25 17:02:01,344:INFO: Creating the model...
2018-02-25 17:02:20,090:INFO: Creating the datasets...
2018-02-25 17:02:20,196:INFO: - done.
2018-02-25 17:02:20,196:INFO: Creating the model...
2018-02-25 17:02:21,058:INFO: - done.
2018-02-25 17:02:21,058:INFO: Starting training for 10 epoch(s)
2018-02-25 17:02:23,891:INFO: Epoch 1/10
2018-02-25 17:13:08,185:INFO: Creating the datasets...
2018-02-25 17:13:08,295:INFO: - done.
2018-02-25 17:13:08,296:INFO: Creating the model...
2018-02-25 17:13:09,145:INFO: - done.
2018-02-25 17:13:09,146:INFO: Starting training for 10 epoch(s)
2018-02-25 17:13:11,880:INFO: Epoch 1/10
2018-02-25 17:17:29,904:INFO: Creating the datasets...
2018-02-25 17:18:44,127:INFO: Creating the datasets...
2018-02-25 17:22:53,379:INFO: Creating the datasets...
2018-02-25 17:26:05,720:INFO: Creating the datasets...
2018-02-25 17:26:05,827:INFO: - done.
2018-02-25 17:26:05,827:INFO: Creating the model...
2018-02-25 17:26:06,662:INFO: - done.
2018-02-25 17:26:06,662:INFO: Starting training for 10 epoch(s)
2018-02-25 17:26:09,477:INFO: Epoch 1/10
2018-02-25 17:32:10,928:INFO: Creating the datasets...
2018-02-25 17:46:06,005:INFO: Creating the datasets...
2018-02-25 17:48:18,381:INFO: Creating the datasets...
2018-02-25 17:48:35,526:INFO: Creating the datasets...
2018-02-25 17:48:35,636:INFO: - done.
2018-02-25 17:48:35,637:INFO: Creating the model...
2018-02-25 17:48:36,472:INFO: - done.
2018-02-25 17:48:36,472:INFO: Starting training for 10 epoch(s)
2018-02-25 17:48:39,307:INFO: Epoch 1/10
2018-02-25 17:48:39,697:INFO: - Train metrics: accuracy: 0.400 ; loss: 1.089
2018-02-25 19:38:22,265:INFO: Creating the datasets...
2018-02-25 19:38:22,381:INFO: - done.
2018-02-25 19:38:22,381:INFO: Creating the model...
2018-02-25 19:38:23,169:INFO: - done.
2018-02-25 19:38:23,169:INFO: Starting training for 10 epoch(s)
2018-02-25 19:38:25,916:INFO: Epoch 1/10
2018-02-25 19:38:26,255:INFO: - Train metrics: accuracy: 0.400 ; loss: 1.089
2018-02-25 19:40:36,277:INFO: Creating the datasets...
2018-02-25 19:40:36,389:INFO: - done.
2018-02-25 19:40:36,390:INFO: Creating the model...
2018-02-25 19:40:37,163:INFO: - done.
2018-02-25 19:40:37,163:INFO: Starting training for 10 epoch(s)
2018-02-25 19:40:39,855:INFO: Epoch 1/10
2018-02-25 19:40:40,153:INFO: - Train metrics: accuracy: 0.400 ; loss: 1.089
2018-02-25 19:42:40,581:INFO: Creating the datasets...
2018-02-25 19:42:40,688:INFO: - done.
2018-02-25 19:42:40,688:INFO: Creating the model...
2018-02-25 19:42:41,475:INFO: - done.
2018-02-25 19:42:41,475:INFO: Starting training for 10 epoch(s)
2018-02-25 19:42:44,179:INFO: Epoch 1/10
2018-02-25 19:42:44,481:INFO: - Train metrics: accuracy: 0.400 ; loss: 1.089
2018-02-25 19:42:45,191:INFO: - Eval metrics: accuracy: 0.500 ; loss: 1.082
2018-02-25 19:42:45,865:INFO: - Found new best accuracy, saving in experiments/base_model/best_weights/after-epoch-1
2018-02-25 19:42:45,867:INFO: Epoch 2/10
2018-02-25 19:42:46,071:INFO: - Train metrics: accuracy: 0.400 ; loss: 1.079
2018-02-25 19:42:46,815:INFO: - Eval metrics: accuracy: 0.500 ; loss: 1.074
2018-02-25 19:42:47,485:INFO: - Found new best accuracy, saving in experiments/base_model/best_weights/after-epoch-2
2018-02-25 19:42:47,485:INFO: Epoch 3/10
2018-02-25 19:42:47,681:INFO: - Train metrics: accuracy: 0.500 ; loss: 1.070
2018-02-25 19:42:48,407:INFO: - Eval metrics: accuracy: 0.500 ; loss: 1.065
2018-02-25 19:42:49,072:INFO: - Found new best accuracy, saving in experiments/base_model/best_weights/after-epoch-3
2018-02-25 19:42:49,073:INFO: Epoch 4/10
2018-02-25 19:42:49,280:INFO: - Train metrics: accuracy: 0.600 ; loss: 1.059
2018-02-25 19:42:50,016:INFO: - Eval metrics: accuracy: 0.500 ; loss: 1.056
2018-02-25 19:42:50,672:INFO: - Found new best accuracy, saving in experiments/base_model/best_weights/after-epoch-4
2018-02-25 19:42:50,673:INFO: Epoch 5/10
2018-02-25 19:42:50,863:INFO: - Train metrics: accuracy: 0.600 ; loss: 1.048
2018-02-25 19:42:51,585:INFO: - Eval metrics: accuracy: 0.500 ; loss: 1.045
2018-02-25 19:42:52,217:INFO: - Found new best accuracy, saving in experiments/base_model/best_weights/after-epoch-5
2018-02-25 19:42:52,219:INFO: Epoch 6/10
2018-02-25 19:42:52,411:INFO: - Train metrics: accuracy: 0.600 ; loss: 1.035
2018-02-25 19:42:53,162:INFO: - Eval metrics: accuracy: 0.500 ; loss: 1.033
2018-02-25 19:42:53,830:INFO: - Found new best accuracy, saving in experiments/base_model/best_weights/after-epoch-6
2018-02-25 19:42:53,831:INFO: Epoch 7/10
2018-02-25 19:42:54,034:INFO: - Train metrics: accuracy: 0.600 ; loss: 1.021
2018-02-25 19:42:54,839:INFO: - Eval metrics: accuracy: 0.500 ; loss: 1.019
2018-02-25 19:42:55,579:INFO: - Found new best accuracy, saving in experiments/base_model/best_weights/after-epoch-7
2018-02-25 19:42:55,580:INFO: Epoch 8/10
2018-02-25 19:42:55,781:INFO: - Train metrics: accuracy: 0.600 ; loss: 1.004
2018-02-25 19:42:56,580:INFO: - Eval metrics: accuracy: 0.500 ; loss: 1.003
2018-02-25 19:42:57,216:INFO: - Found new best accuracy, saving in experiments/base_model/best_weights/after-epoch-8
2018-02-25 19:42:57,216:INFO: Epoch 9/10
2018-02-25 19:42:57,406:INFO: - Train metrics: accuracy: 0.600 ; loss: 0.985
2018-02-25 19:42:58,193:INFO: - Eval metrics: accuracy: 0.500 ; loss: 0.984
2018-02-25 19:42:58,867:INFO: - Found new best accuracy, saving in experiments/base_model/best_weights/after-epoch-9
2018-02-25 19:42:58,868:INFO: Epoch 10/10
2018-02-25 19:42:59,066:INFO: - Train metrics: accuracy: 0.600 ; loss: 0.963
2018-02-25 19:42:59,746:INFO: - Eval metrics: accuracy: 0.500 ; loss: 0.961
2018-02-25 19:43:00,415:INFO: - Found new best accuracy, saving in experiments/base_model/best_weights/after-epoch-10
2018-02-25 19:48:20,387:INFO: Creating the datasets...
2018-02-25 19:48:20,488:INFO: - done.
2018-02-25 19:48:20,488:INFO: Creating the model...
2018-02-25 19:48:21,224:INFO: - done.
2018-02-25 19:48:21,224:INFO: Starting training for 10 epoch(s)
2018-02-25 19:48:23,821:INFO: Epoch 1/10
2018-02-25 19:48:52,295:INFO: Creating the datasets...
2018-02-25 19:48:52,387:INFO: - done.
2018-02-25 19:48:52,387:INFO: Creating the model...
2018-02-25 19:48:53,159:INFO: - done.
2018-02-25 19:48:53,159:INFO: Starting training for 10 epoch(s)
2018-02-25 19:49:33,816:INFO: Creating the datasets...
2018-02-25 19:49:33,910:INFO: - done.
2018-02-25 19:49:33,910:INFO: Creating the model...
2018-02-25 19:49:34,695:INFO: - done.
2018-02-25 19:49:34,696:INFO: Starting training for 10 epoch(s)
2018-02-25 19:49:37,353:INFO: Epoch 1/10
2018-02-25 19:49:38,664:INFO: - Train metrics: accuracy: 0.320 ; loss: 1.094
2018-02-25 19:49:39,353:INFO: - Eval metrics: accuracy: 0.500 ; loss: 1.076
2018-02-25 19:49:40,023:INFO: - Found new best accuracy, saving in experiments/base_model/best_weights/after-epoch-1
2018-02-25 19:49:40,024:INFO: Epoch 2/10
2018-02-25 19:49:41,168:INFO: - Train metrics: accuracy: 0.570 ; loss: 1.065
2018-02-25 19:49:41,884:INFO: - Eval metrics: accuracy: 0.500 ; loss: 1.049
2018-02-25 19:49:42,522:INFO: - Found new best accuracy, saving in experiments/base_model/best_weights/after-epoch-2
2018-02-25 19:49:42,523:INFO: Epoch 3/10
2018-02-25 19:49:43,644:INFO: - Train metrics: accuracy: 0.520 ; loss: 1.030
2018-02-25 19:49:44,288:INFO: - Eval metrics: accuracy: 0.500 ; loss: 1.005
2018-02-25 19:49:44,960:INFO: - Found new best accuracy, saving in experiments/base_model/best_weights/after-epoch-3
2018-02-25 19:49:44,960:INFO: Epoch 4/10
2018-02-25 19:49:46,083:INFO: - Train metrics: accuracy: 0.460 ; loss: 0.969
2018-02-25 19:49:46,812:INFO: - Eval metrics: accuracy: 0.500 ; loss: 0.916
2018-02-25 19:49:47,437:INFO: - Found new best accuracy, saving in experiments/base_model/best_weights/after-epoch-4
2018-02-25 19:49:47,438:INFO: Epoch 5/10
2018-02-25 19:49:48,550:INFO: - Train metrics: accuracy: 0.460 ; loss: 0.832
2018-02-25 19:49:49,265:INFO: - Eval metrics: accuracy: 0.500 ; loss: 0.754
2018-02-25 19:49:49,931:INFO: - Found new best accuracy, saving in experiments/base_model/best_weights/after-epoch-5
2018-02-25 19:49:49,932:INFO: Epoch 6/10
2018-02-25 19:49:51,058:INFO: - Train metrics: accuracy: 0.460 ; loss: 0.726
2018-02-25 19:49:51,783:INFO: - Eval metrics: accuracy: 0.500 ; loss: 0.712
2018-02-25 19:49:52,410:INFO: - Found new best accuracy, saving in experiments/base_model/best_weights/after-epoch-6
2018-02-25 19:49:52,411:INFO: Epoch 7/10
2018-02-25 19:49:53,507:INFO: - Train metrics: accuracy: 0.440 ; loss: 0.706
2018-02-25 19:49:54,217:INFO: - Eval metrics: accuracy: 0.500 ; loss: 0.703
2018-02-25 19:49:54,832:INFO: - Found new best accuracy, saving in experiments/base_model/best_weights/after-epoch-7
2018-02-25 19:49:54,833:INFO: Epoch 8/10
2018-02-25 19:49:55,956:INFO: - Train metrics: accuracy: 0.570 ; loss: 0.696
2018-02-25 19:49:56,643:INFO: - Eval metrics: accuracy: 0.400 ; loss: 0.700
2018-02-25 19:49:56,644:INFO: Epoch 9/10
2018-02-25 19:49:57,723:INFO: - Train metrics: accuracy: 0.620 ; loss: 0.689
2018-02-25 19:49:58,415:INFO: - Eval metrics: accuracy: 0.500 ; loss: 0.701
2018-02-25 19:49:59,119:INFO: - Found new best accuracy, saving in experiments/base_model/best_weights/after-epoch-9
2018-02-25 19:49:59,120:INFO: Epoch 10/10
2018-02-25 19:50:00,256:INFO: - Train metrics: accuracy: 0.460 ; loss: 0.687
2018-02-25 19:50:00,940:INFO: - Eval metrics: accuracy: 0.500 ; loss: 0.702
2018-02-25 19:50:01,537:INFO: - Found new best accuracy, saving in experiments/base_model/best_weights/after-epoch-10
2018-02-25 19:54:08,460:INFO: Creating the datasets...
2018-02-25 19:54:08,549:INFO: - done.
2018-02-25 19:54:08,550:INFO: Creating the model...
2018-02-25 19:54:09,290:INFO: - done.
2018-02-25 19:54:09,291:INFO: Starting training for 10 epoch(s)
2018-02-25 19:54:11,881:INFO: Epoch 1/10
2018-02-25 19:54:40,527:INFO: - Train metrics: accuracy: 0.501 ; loss: 0.859
2018-02-25 19:54:41,814:INFO: - Eval metrics: accuracy: 0.550 ; loss: 0.690
2018-02-25 19:54:42,518:INFO: - Found new best accuracy, saving in experiments/base_model/best_weights/after-epoch-1
2018-02-25 19:54:42,519:INFO: Epoch 2/10
2018-02-25 19:55:11,026:INFO: - Train metrics: accuracy: 0.531 ; loss: 0.694
2018-02-25 19:55:12,284:INFO: - Eval metrics: accuracy: 0.550 ; loss: 0.684
2018-02-25 19:55:12,942:INFO: - Found new best accuracy, saving in experiments/base_model/best_weights/after-epoch-2
2018-02-25 19:55:12,943:INFO: Epoch 3/10
2018-02-25 19:55:42,684:INFO: - Train metrics: accuracy: 0.530 ; loss: 0.692
2018-02-25 19:55:43,896:INFO: - Eval metrics: accuracy: 0.550 ; loss: 0.684
2018-02-25 19:55:44,636:INFO: - Found new best accuracy, saving in experiments/base_model/best_weights/after-epoch-3
2018-02-25 19:55:44,637:INFO: Epoch 4/10
2018-02-25 19:56:13,581:INFO: - Train metrics: accuracy: 0.534 ; loss: 0.690
2018-02-25 19:56:14,809:INFO: - Eval metrics: accuracy: 0.550 ; loss: 0.680
2018-02-25 19:56:15,478:INFO: - Found new best accuracy, saving in experiments/base_model/best_weights/after-epoch-4
2018-02-25 19:56:15,478:INFO: Epoch 5/10
2018-02-25 19:56:45,357:INFO: - Train metrics: accuracy: 0.533 ; loss: 0.686
2018-02-25 19:56:46,629:INFO: - Eval metrics: accuracy: 0.570 ; loss: 0.675
2018-02-25 19:56:47,272:INFO: - Found new best accuracy, saving in experiments/base_model/best_weights/after-epoch-5
2018-02-25 19:56:47,273:INFO: Epoch 6/10
2018-02-25 19:57:14,927:INFO: - Train metrics: accuracy: 0.554 ; loss: 0.678
2018-02-25 19:57:16,208:INFO: - Eval metrics: accuracy: 0.540 ; loss: 0.667
2018-02-25 19:57:16,215:INFO: Epoch 7/10
2018-02-25 19:57:43,866:INFO: - Train metrics: accuracy: 0.606 ; loss: 0.657
2018-02-25 19:57:45,055:INFO: - Eval metrics: accuracy: 0.570 ; loss: 0.684
2018-02-25 19:57:45,745:INFO: - Found new best accuracy, saving in experiments/base_model/best_weights/after-epoch-7
2018-02-25 19:57:45,746:INFO: Epoch 8/10
2018-02-25 19:58:13,515:INFO: - Train metrics: accuracy: 0.825 ; loss: 0.575
2018-02-25 19:58:14,739:INFO: - Eval metrics: accuracy: 0.570 ; loss: 0.700
2018-02-25 19:58:15,449:INFO: - Found new best accuracy, saving in experiments/base_model/best_weights/after-epoch-8
2018-02-25 19:58:15,450:INFO: Epoch 9/10
2018-02-25 19:58:44,498:INFO: - Train metrics: accuracy: 0.653 ; loss: 0.671
2018-02-25 19:58:45,692:INFO: - Eval metrics: accuracy: 0.550 ; loss: 0.651
2018-02-25 19:58:45,693:INFO: Epoch 10/10
2018-02-25 19:59:14,569:INFO: - Train metrics: accuracy: 0.618 ; loss: 0.584
2018-02-25 19:59:15,930:INFO: - Eval metrics: accuracy: 0.520 ; loss: 0.750
2018-02-25 20:38:00,670:INFO: Creating the datasets...
2018-02-25 20:38:00,776:INFO: - done.
2018-02-25 20:38:00,776:INFO: Creating the model...
2018-02-25 20:38:01,570:INFO: - done.
2018-02-25 20:38:01,570:INFO: Starting training for 10 epoch(s)
2018-02-25 20:38:04,322:INFO: Epoch 1/10
2018-02-25 20:38:05,757:INFO: - Train metrics: accuracy: 0.400 ; loss: 1.382
2018-02-25 20:38:06,483:INFO: - Eval metrics: accuracy: 0.400 ; loss: 1.373
2018-02-25 20:38:07,164:INFO: - Found new best accuracy, saving in experiments/base_model/best_weights/after-epoch-1
2018-02-25 20:38:07,165:INFO: Epoch 2/10
2018-02-25 20:38:08,326:INFO: - Train metrics: accuracy: 0.500 ; loss: 1.358
2018-02-25 20:38:09,077:INFO: - Eval metrics: accuracy: 0.400 ; loss: 1.356
2018-02-25 20:38:09,715:INFO: - Found new best accuracy, saving in experiments/base_model/best_weights/after-epoch-2
2018-02-25 20:38:09,716:INFO: Epoch 3/10
2018-02-25 20:38:10,839:INFO: - Train metrics: accuracy: 0.500 ; loss: 1.326
2018-02-25 20:38:11,489:INFO: - Eval metrics: accuracy: 0.400 ; loss: 1.329
2018-02-25 20:38:12,146:INFO: - Found new best accuracy, saving in experiments/base_model/best_weights/after-epoch-3
2018-02-25 20:38:12,147:INFO: Epoch 4/10
2018-02-25 20:38:13,259:INFO: - Train metrics: accuracy: 0.500 ; loss: 1.268
2018-02-25 20:38:14,028:INFO: - Eval metrics: accuracy: 0.400 ; loss: 1.274
2018-02-25 20:38:14,673:INFO: - Found new best accuracy, saving in experiments/base_model/best_weights/after-epoch-4
2018-02-25 20:38:14,674:INFO: Epoch 5/10
2018-02-25 20:38:15,786:INFO: - Train metrics: accuracy: 0.500 ; loss: 1.140
2018-02-25 20:38:16,545:INFO: - Eval metrics: accuracy: 0.400 ; loss: 1.250
2018-02-25 20:38:17,209:INFO: - Found new best accuracy, saving in experiments/base_model/best_weights/after-epoch-5
2018-02-25 20:38:17,210:INFO: Epoch 6/10
2018-02-25 20:38:18,351:INFO: - Train metrics: accuracy: 0.500 ; loss: 1.073
2018-02-25 20:38:19,097:INFO: - Eval metrics: accuracy: 0.400 ; loss: 1.274
2018-02-25 20:38:19,779:INFO: - Found new best accuracy, saving in experiments/base_model/best_weights/after-epoch-6
2018-02-25 20:38:19,781:INFO: Epoch 7/10
2018-02-25 20:38:20,904:INFO: - Train metrics: accuracy: 0.500 ; loss: 1.041
2018-02-25 20:38:21,648:INFO: - Eval metrics: accuracy: 0.400 ; loss: 1.206
2018-02-25 20:38:22,303:INFO: - Found new best accuracy, saving in experiments/base_model/best_weights/after-epoch-7
2018-02-25 20:38:22,304:INFO: Epoch 8/10
2018-02-25 20:38:23,389:INFO: - Train metrics: accuracy: 0.500 ; loss: 1.027
2018-02-25 20:38:24,194:INFO: - Eval metrics: accuracy: 0.350 ; loss: 1.164
2018-02-25 20:38:24,195:INFO: Epoch 9/10
2018-02-25 20:38:25,312:INFO: - Train metrics: accuracy: 0.540 ; loss: 1.030
2018-02-25 20:38:26,006:INFO: - Eval metrics: accuracy: 0.350 ; loss: 1.156
2018-02-25 20:38:26,008:INFO: Epoch 10/10
2018-02-25 20:38:27,172:INFO: - Train metrics: accuracy: 0.530 ; loss: 1.023
2018-02-25 20:38:27,951:INFO: - Eval metrics: accuracy: 0.400 ; loss: 1.171
2018-02-25 20:38:28,578:INFO: - Found new best accuracy, saving in experiments/base_model/best_weights/after-epoch-10
2018-02-25 20:53:21,647:INFO: Creating the datasets...
2018-02-25 20:53:21,752:INFO: - done.
2018-02-25 20:53:21,752:INFO: Creating the model...
2018-02-25 20:53:22,538:INFO: - done.
2018-02-25 20:53:22,539:INFO: Starting training for 10 epoch(s)
2018-02-25 20:53:25,215:INFO: Epoch 1/10
2018-02-25 20:53:26,605:INFO: - Train metrics: accuracy: 0.400 ; loss: 1.382
2018-02-25 20:53:27,330:INFO: - Eval metrics: accuracy: 0.400 ; loss: 1.373
2018-02-25 20:53:28,024:INFO: - Found new best accuracy, saving in experiments/base_model/best_weights/after-epoch-1
2018-02-25 20:53:28,025:INFO: Epoch 2/10
2018-02-25 20:53:29,157:INFO: - Train metrics: accuracy: 0.500 ; loss: 1.358
2018-02-25 20:53:29,938:INFO: - Eval metrics: accuracy: 0.400 ; loss: 1.356
2018-02-25 20:53:30,575:INFO: - Found new best accuracy, saving in experiments/base_model/best_weights/after-epoch-2
2018-02-25 20:53:30,576:INFO: Epoch 3/10
2018-02-25 20:53:31,702:INFO: - Train metrics: accuracy: 0.500 ; loss: 1.326
2018-02-25 20:53:32,374:INFO: - Eval metrics: accuracy: 0.400 ; loss: 1.329
2018-02-25 20:53:33,017:INFO: - Found new best accuracy, saving in experiments/base_model/best_weights/after-epoch-3
2018-02-25 20:53:33,018:INFO: Epoch 4/10
2018-02-25 20:53:34,152:INFO: - Train metrics: accuracy: 0.500 ; loss: 1.268
2018-02-25 20:53:34,860:INFO: - Eval metrics: accuracy: 0.400 ; loss: 1.274
2018-02-25 20:53:35,475:INFO: - Found new best accuracy, saving in experiments/base_model/best_weights/after-epoch-4
2018-02-25 20:53:35,476:INFO: Epoch 5/10
2018-02-25 20:53:36,594:INFO: - Train metrics: accuracy: 0.500 ; loss: 1.140
2018-02-25 20:53:37,330:INFO: - Eval metrics: accuracy: 0.400 ; loss: 1.250
2018-02-25 20:53:37,929:INFO: - Found new best accuracy, saving in experiments/base_model/best_weights/after-epoch-5
2018-02-25 20:53:37,930:INFO: Epoch 6/10
2018-02-25 20:53:39,054:INFO: - Train metrics: accuracy: 0.500 ; loss: 1.073
2018-02-25 20:53:39,793:INFO: - Eval metrics: accuracy: 0.400 ; loss: 1.274
2018-02-25 20:53:40,398:INFO: - Found new best accuracy, saving in experiments/base_model/best_weights/after-epoch-6
2018-02-25 20:53:40,399:INFO: Epoch 7/10
2018-02-25 20:53:41,473:INFO: - Train metrics: accuracy: 0.500 ; loss: 1.041
2018-02-25 20:53:42,179:INFO: - Eval metrics: accuracy: 0.400 ; loss: 1.206
2018-02-25 20:53:42,791:INFO: - Found new best accuracy, saving in experiments/base_model/best_weights/after-epoch-7
2018-02-25 20:53:42,792:INFO: Epoch 8/10
2018-02-25 20:53:43,914:INFO: - Train metrics: accuracy: 0.500 ; loss: 1.027
2018-02-25 20:53:44,632:INFO: - Eval metrics: accuracy: 0.350 ; loss: 1.164
2018-02-25 20:53:44,633:INFO: Epoch 9/10
2018-02-25 20:53:45,727:INFO: - Train metrics: accuracy: 0.540 ; loss: 1.030
2018-02-25 20:53:46,413:INFO: - Eval metrics: accuracy: 0.350 ; loss: 1.156
2018-02-25 20:53:46,415:INFO: Epoch 10/10
2018-02-25 20:53:47,541:INFO: - Train metrics: accuracy: 0.530 ; loss: 1.023
2018-02-25 20:53:48,268:INFO: - Eval metrics: accuracy: 0.400 ; loss: 1.171
2018-02-25 20:53:48,867:INFO: - Found new best accuracy, saving in experiments/base_model/best_weights/after-epoch-10
2018-02-25 22:20:07,638:INFO: Creating the datasets...
2018-02-25 22:20:07,737:INFO: - done.
2018-02-25 22:20:07,737:INFO: Creating the model...
2018-02-25 22:20:08,471:INFO: - done.
2018-02-25 22:20:08,471:INFO: Starting training for 10 epoch(s)
2018-02-25 22:20:11,175:INFO: Epoch 1/10
2018-02-25 22:20:40,517:INFO: - Train metrics: accuracy: 0.365 ; loss: 1.203
2018-02-25 22:20:41,794:INFO: - Eval metrics: accuracy: 0.430 ; loss: 1.047
2018-02-25 22:20:42,539:INFO: - Found new best accuracy, saving in experiments/base_model/best_weights/after-epoch-1
2018-02-25 22:20:42,541:INFO: Epoch 2/10
2018-02-25 22:21:11,480:INFO: - Train metrics: accuracy: 0.384 ; loss: 1.084
2018-02-25 22:21:12,775:INFO: - Eval metrics: accuracy: 0.430 ; loss: 1.047
2018-02-25 22:21:13,404:INFO: - Found new best accuracy, saving in experiments/base_model/best_weights/after-epoch-2
2018-02-25 22:21:13,405:INFO: Epoch 3/10
2018-02-25 22:21:43,664:INFO: - Train metrics: accuracy: 0.383 ; loss: 1.078
2018-02-25 22:21:44,879:INFO: - Eval metrics: accuracy: 0.470 ; loss: 1.045
2018-02-25 22:21:45,635:INFO: - Found new best accuracy, saving in experiments/base_model/best_weights/after-epoch-3
2018-02-25 22:21:45,636:INFO: Epoch 4/10
2018-02-25 22:22:14,101:INFO: - Train metrics: accuracy: 0.405 ; loss: 1.050
2018-02-25 22:22:15,374:INFO: - Eval metrics: accuracy: 0.420 ; loss: 1.005
2018-02-25 22:22:15,375:INFO: Epoch 5/10
2018-02-25 22:22:43,960:INFO: - Train metrics: accuracy: 0.438 ; loss: 1.008
2018-02-25 22:22:45,202:INFO: - Eval metrics: accuracy: 0.440 ; loss: 0.978
2018-02-25 22:22:45,203:INFO: Epoch 6/10
2018-02-25 22:23:13,840:INFO: - Train metrics: accuracy: 0.534 ; loss: 0.826
2018-02-25 22:23:15,116:INFO: - Eval metrics: accuracy: 0.520 ; loss: 0.983
2018-02-25 22:23:15,775:INFO: - Found new best accuracy, saving in experiments/base_model/best_weights/after-epoch-6
2018-02-25 22:23:15,776:INFO: Epoch 7/10
2018-02-25 22:23:44,477:INFO: - Train metrics: accuracy: 0.583 ; loss: 0.762
2018-02-25 22:23:45,755:INFO: - Eval metrics: accuracy: 0.520 ; loss: 0.992
2018-02-25 22:23:46,424:INFO: - Found new best accuracy, saving in experiments/base_model/best_weights/after-epoch-7
2018-02-25 22:23:46,425:INFO: Epoch 8/10
2018-02-25 22:24:15,012:INFO: - Train metrics: accuracy: 0.591 ; loss: 0.711
2018-02-25 22:24:16,301:INFO: - Eval metrics: accuracy: 0.540 ; loss: 0.971
2018-02-25 22:24:16,993:INFO: - Found new best accuracy, saving in experiments/base_model/best_weights/after-epoch-8
2018-02-25 22:24:16,995:INFO: Epoch 9/10
2018-02-25 22:24:45,468:INFO: - Train metrics: accuracy: 0.598 ; loss: 0.685
2018-02-25 22:24:46,725:INFO: - Eval metrics: accuracy: 0.490 ; loss: 0.986
2018-02-25 22:24:46,726:INFO: Epoch 10/10
2018-02-25 22:25:15,608:INFO: - Train metrics: accuracy: 0.576 ; loss: 0.690
2018-02-25 22:25:16,868:INFO: - Eval metrics: accuracy: 0.530 ; loss: 0.957
2018-02-27 02:33:28,696:INFO: Creating the datasets...
2018-02-27 02:33:28,755:INFO: - done.
2018-02-27 02:33:28,756:INFO: Creating the model...
2018-02-27 02:33:29,228:INFO: - done.
2018-02-27 02:33:29,228:INFO: Starting training for 10 epoch(s)
2018-02-27 02:33:29,721:INFO: Epoch 1/10
2018-02-27 02:39:58,652:INFO: - Train metrics: accuracy: 0.501 ; loss: 0.712
2018-02-27 02:40:27,212:INFO: - Eval metrics: accuracy: 0.519 ; loss: 0.692
2018-02-27 02:40:27,348:INFO: - Found new best accuracy, saving in experiments/base_model/best_weights/after-epoch-1
2018-02-27 02:40:27,349:INFO: Epoch 2/10
2018-02-27 02:46:52,403:INFO: - Train metrics: accuracy: 0.533 ; loss: 0.691
2018-02-27 02:47:20,835:INFO: - Eval metrics: accuracy: 0.573 ; loss: 0.679
2018-02-27 02:47:20,971:INFO: - Found new best accuracy, saving in experiments/base_model/best_weights/after-epoch-2
2018-02-27 02:47:20,971:INFO: Epoch 3/10
2018-02-27 02:53:45,315:INFO: - Train metrics: accuracy: 0.624 ; loss: 0.650
2018-02-27 02:54:13,679:INFO: - Eval metrics: accuracy: 0.556 ; loss: 0.717
2018-02-27 02:54:13,680:INFO: Epoch 4/10
2018-02-27 03:00:37,461:INFO: - Train metrics: accuracy: 0.745 ; loss: 0.553
2018-02-27 03:01:05,897:INFO: - Eval metrics: accuracy: 0.550 ; loss: 0.739
2018-02-27 03:01:05,898:INFO: Epoch 5/10
2018-02-27 03:07:29,977:INFO: - Train metrics: accuracy: 0.831 ; loss: 0.434
2018-02-27 03:07:58,384:INFO: - Eval metrics: accuracy: 0.637 ; loss: 0.870
2018-02-27 03:07:58,517:INFO: - Found new best accuracy, saving in experiments/base_model/best_weights/after-epoch-5
2018-02-27 03:07:58,518:INFO: Epoch 6/10
2018-02-27 03:14:22,987:INFO: - Train metrics: accuracy: 0.864 ; loss: 0.349
2018-02-27 03:14:51,426:INFO: - Eval metrics: accuracy: 0.586 ; loss: 0.685
2018-02-27 03:14:51,427:INFO: Epoch 7/10
2018-02-27 03:21:15,556:INFO: - Train metrics: accuracy: 0.868 ; loss: 0.327
2018-02-27 03:21:44,058:INFO: - Eval metrics: accuracy: 0.639 ; loss: 0.846
2018-02-27 03:21:44,192:INFO: - Found new best accuracy, saving in experiments/base_model/best_weights/after-epoch-7
2018-02-27 03:21:44,192:INFO: Epoch 8/10
2018-02-27 03:28:07,831:INFO: - Train metrics: accuracy: 0.862 ; loss: 0.329
2018-02-27 03:28:36,320:INFO: - Eval metrics: accuracy: 0.623 ; loss: 0.716
2018-02-27 03:28:36,321:INFO: Epoch 9/10
2018-02-27 03:35:00,049:INFO: - Train metrics: accuracy: 0.594 ; loss: 0.775
2018-02-27 03:35:28,568:INFO: - Eval metrics: accuracy: 0.534 ; loss: 0.699
2018-02-27 03:35:28,569:INFO: Epoch 10/10
2018-02-27 03:41:52,931:INFO: - Train metrics: accuracy: 0.591 ; loss: 0.653
2018-02-27 03:42:21,324:INFO: - Eval metrics: accuracy: 0.538 ; loss: 0.698
